#
# A fatal error has been detected by the Java Runtime Environment:
#
#  SIGSEGV (0xb) at pc=0x000000010cbb3511, pid=70128, tid=775
#
# JRE version: Java(TM) SE Runtime Environment (8.0_45-b14) (build 1.8.0_45-b14)
# Java VM: Java HotSpot(TM) 64-Bit Server VM (25.45-b02 mixed mode bsd-amd64 compressed oops)
# Problematic frame:
# C  [libglass.dylib+0x15511]  GlassScreenDidChangeScreenParameters+0x21
#
# Failed to write core dump. Core dumps have been disabled. To enable core dumping, try "ulimit -c unlimited" before starting Java again
#
# If you would like to submit a bug report, please visit:
#   http://bugreport.java.com/bugreport/crash.jsp
#

---------------  T H R E A D  ---------------

Current thread is native thread

siginfo: si_signo: 11 (SIGSEGV), si_code: 1 (SEGV_MAPERR), si_addr: 0x0000000000000000

Registers:
RAX=0x000000010cbe5ac8, RBX=0x0000000000000000, RCX=0x7517ec4b5fea0040, RDX=0x0000000000000103
RSP=0x00007ffeedaeb920, RBP=0x00007ffeedaeb930, RSI=0x00007f890a509a18, RDI=0x0000000000000000
R8 =0x00007fff95895048, R9 =0x0000000000000040, R10=0x00007fff95895040, R11=0xffffffffffffffff
R12=0x0000000000000000, R13=0x0000000000000000, R14=0x00007f890a512b50, R15=0x00007f890a74ee20
RIP=0x000000010cbb3511, EFLAGS=0x0000000000010246, ERR=0x0000000000000004
  TRAPNO=0x000000000000000e

Top of Stack: (sp=0x00007ffeedaeb920)
0x00007ffeedaeb920:   00007f890a555e70 00007f890a512b50
0x00007ffeedaeb930:   00007ffeedaeb940 00007fff34f75edc
0x00007ffeedaeb940:   00007ffeedaeb9b0 00007fff34f75daa
0x00007ffeedaeb950:   00007fff95890060 00000000c2000000
0x00007ffeedaeb960:   00007fff34f75e20 00007fff8f033ae8
0x00007ffeedaeb970:   00007f890a512b50 00007f890a74ee20
0x00007ffeedaeb980:   0000000000000000 00007fff5c17be80
0x00007ffeedaeb990:   00007fff5c17be80 00007ffeedaec1f0
0x00007ffeedaeb9a0:   00007f890a512b50 00007f890a610580
0x00007ffeedaeb9b0:   00007ffeedaeb9f0 00007fff34f75ae1
0x00007ffeedaeb9c0:   00007ffeedaebfc0 0000000000000000
0x00007ffeedaeb9d0:   00007fff5c17be80 0000000000000000
0x00007ffeedaeb9e0:   00007ffeedaec1f0 00007fff3318ae91
0x00007ffeedaeb9f0:   00007ffeedaec110 00007fff34f33880
0x00007ffeedaeba00:   00007ffeedaeba90 00007fff34ee75b2
0x00007ffeedaeba10:   00007f890a6107b0 00007fff8f16ce01
0x00007ffeedaeba20:   0000000000000000 00007f890a64dd90
0x00007ffeedaeba30:   00007fff8f16ce30 00007fff8f075978
0x00007ffeedaeba40:   00007fff8f035b00 00007fff8e7b6040
0x00007ffeedaeba50:   0000000000000000 00007f890a54cac0
0x00007ffeedaeba60:   0000000000000000 0000000000000000
0x00007ffeedaeba70:   00007ffeedaebfc0 0000000000000001
0x00007ffeedaeba80:   0000000000000100 00007f890c12b000
0x00007ffeedaeba90:   00007ffeedaebec0 0000000000000000
0x00007ffeedaebaa0:   0000000000000100 00007fff352a5700
0x00007ffeedaebab0:   00007ffeedaebad0 00007f890c12b050
0x00007ffeedaebac0:   0000000000000000 00007ffeedaebb50
0x00007ffeedaebad0:   00007ffeedaec1f0 00007fff34f338fa
0x00007ffeedaebae0:   00007fff8f035b00 0000000037ca6e3e
0x00007ffeedaebaf0:   00007ffeedaebb30 00007fff5cf4d342
0x00007ffeedaebb00:   000000000000000d 000000010212d080
0x00007ffeedaebb10:   00007ffeedaebba0 00007fff5cf6375a 

Instructions: (pc=0x000000010cbb3511)
0x000000010cbb34f1:   48 89 e5 41 56 53 48 8d 05 c2 26 03 00 48 83 38
0x000000010cbb3501:   00 48 89 fb 75 72 48 8d 05 ba 25 03 00 48 8b 30
0x000000010cbb3511:   48 8b 03 48 8d 15 6c 9a 01 00 48 8d 0d 86 6f 01
0x000000010cbb3521:   00 48 89 df ff 90 88 03 00 00 48 8d 0d 8e 26 03 

Register to memory mapping:

RAX=0x000000010cbe5ac8: jScreenClass+0 in /Library/Java/JavaVirtualMachines/jdk1.8.0_45.jdk/Contents/Home/jre/lib/libglass.dylib at 0x000000010cb9e000
RBX=0x0000000000000000 is an unknown value
RCX=0x7517ec4b5fea0040 is an unknown value
RDX=0x0000000000000103 is an unknown value
RSP=0x00007ffeedaeb920 is an unknown value
RBP=0x00007ffeedaeb930 is an unknown value
RSI=0x00007f890a509a18 is a global jni handle
RDI=0x0000000000000000 is an unknown value
R8 =0x00007fff95895048: __sFX+0x1c8 in /usr/lib/system/libsystem_c.dylib at 0x00007fff5cdf2000
R9 =0x0000000000000040 is an unknown value
R10=0x00007fff95895040: __sFX+0x1c0 in /usr/lib/system/libsystem_c.dylib at 0x00007fff5cdf2000
R11=0xffffffffffffffff is an unknown value
R12=0x0000000000000000 is an unknown value
R13=0x0000000000000000 is an unknown value
R14=0x00007f890a512b50 is an unknown value
R15=0x00007f890a74ee20 is an unknown value


Stack: [0x00007ffeed2f0000,0x00007ffeedaf0000],  sp=0x00007ffeedaeb920,  free space=8174k
Native frames: (J=compiled Java code, j=interpreted, Vv=VM code, C=native code)
C  [libglass.dylib+0x15511]  GlassScreenDidChangeScreenParameters+0x21
C  [CoreFoundation+0x9aedc]  __CFNOTIFICATIONCENTER_IS_CALLING_OUT_TO_AN_OBSERVER__+0xc
C  [CoreFoundation+0x9adaa]  _CFXRegistrationPost+0x1ca
C  [CoreFoundation+0x9aae1]  ___CFXNotificationPost_block_invoke+0xe1
C  [CoreFoundation+0x58880]  -[_CFXNotificationRegistrar find:object:observer:enumerator:]+0x680
C  [CoreFoundation+0x579b7]  _CFXNotificationPost+0x257
C  [Foundation+0x68c7]  -[NSNotificationCenter postNotificationName:object:userInfo:]+0x42
C  [AppKit+0xbc2133]  -[NSApplication(ScreenHandling) _reactToScreenInvalidationImmediately:]+0x162
C  [AppKit+0xbc1f95]  __60-[NSApplication(ScreenHandling) _reactToScreenInvalidation:]_block_invoke+0x3b
C  [CoreFoundation+0xa387c]  __CFRUNLOOP_IS_CALLING_OUT_TO_A_BLOCK__+0xc
C  [CoreFoundation+0x86253]  __CFRunLoopDoBlocks+0x113
C  [CoreFoundation+0x86018]  __CFRunLoopRun+0xc38
C  [CoreFoundation+0x85153]  CFRunLoopRunSpecific+0x1e3
C  [java+0x6490]  CreateExecutionEnvironment+0x367
C  [java+0x221c]  JLI_Launch+0x7a0
C  [java+0x84ed]  main+0x65
C  [java+0x1a74]  start+0x34


---------------  P R O C E S S  ---------------

VM state:at safepoint (normal execution)

VM Mutex/Monitor currently owned by a thread:  ([mutex/lock_event])
[0x00007f890a609640] Threads_lock - owner thread: 0x00007f890b029800

Heap:
 PSYoungGen      total 38400K, used 16786K [0x0000000795580000, 0x0000000798000000, 0x00000007c0000000)
  eden space 33280K, 50% used [0x0000000795580000,0x00000007965e4b38,0x0000000797600000)
  from space 5120K, 0% used [0x0000000797b00000,0x0000000797b00000,0x0000000798000000)
  to   space 5120K, 0% used [0x0000000797600000,0x0000000797600000,0x0000000797b00000)
 ParOldGen       total 87552K, used 0K [0x0000000740000000, 0x0000000745580000, 0x0000000795580000)
  object space 87552K, 0% used [0x0000000740000000,0x0000000740000000,0x0000000745580000)
 Metaspace       used 7590K, capacity 7854K, committed 7936K, reserved 1056768K
  class space    used 905K, capacity 999K, committed 1024K, reserved 1048576K

Card table byte_map: [0x0000000103d69000,0x000000010416a000] byte_map_base: 0x0000000100369000

Marking Bits: (ParMarkBitMap*) 0x00000001032c27a0
 Begin Bits: [0x0000000104415000, 0x0000000106415000)
 End Bits:   [0x0000000106415000, 0x0000000108415000)

Polling page: 0x000000010218c000

CodeCache: size=245760Kb used=2117Kb max_used=2126Kb free=243642Kb
 bounds [0x000000010ce49000, 0x000000010d0b9000, 0x000000011be49000]
 total_blobs=891 nmethods=498 adapters=307
 compilation: enabled

Compilation events (10 events):
Event: 1.018 Thread 0x00007f890b0c8800 nmethod 493 0x000000010d057890 code [0x000000010d057a40, 0x000000010d058018]
Event: 1.018 Thread 0x00007f890b0c8800  494       3       java.net.URLClassLoader$1::<init> (15 bytes)
Event: 1.019 Thread 0x00007f890b0c8800 nmethod 494 0x000000010d058250 code [0x000000010d0583c0, 0x000000010d0585b0]
Event: 1.019 Thread 0x00007f890b0c8800  496       3       java.net.URLClassLoader$1::run (5 bytes)
Event: 1.019 Thread 0x00007f890b0c8800 nmethod 496 0x000000010d058650 code [0x000000010d0587c0, 0x000000010d058968]
Event: 1.019 Thread 0x00007f890b0c8800  497   !   3       java.net.URLClassLoader$1::run (63 bytes)
Event: 1.020 Thread 0x00007f890b0c8800 nmethod 497 0x000000010d058a10 code [0x000000010d058be0, 0x000000010d059128]
Event: 1.020 Thread 0x00007f890b0c8800  498       1       java.lang.ThreadLocal::access$400 (5 bytes)
Event: 1.020 Thread 0x00007f890b0c8800 nmethod 498 0x000000010d054c90 code [0x000000010d054de0, 0x000000010d054ed0]
Event: 1.021 Thread 0x00007f890a876800 nmethod 490 0x000000010d05c450 code [0x000000010d05c5c0, 0x000000010d05c9f8]

GC Heap History (0 events):
No events

Deoptimization events (1 events):
Event: 0.944 Thread 0x00007f890c12c000 Uncommon trap: reason=unstable_if action=reinterpret pc=0x000000010d003e34 method=java.lang.String.replace(CC)Ljava/lang/String; @ 2

Internal exceptions (10 events):
Event: 0.100 Thread 0x00007f890c012000 Exception <a 'java/lang/NoSuchMethodError': Method sun.misc.Unsafe.defineClass(Ljava/lang/String;[BII)Ljava/lang/Class; name or signature does not match> (0x0000000795592ab8) thrown at [/Users/java_re/workspace/8-2-build-macosx-x86_64/jdk8u45/3457/hotspot
Event: 0.100 Thread 0x00007f890c012000 Exception <a 'java/lang/NoSuchMethodError': Method sun.misc.Unsafe.prefetchRead(Ljava/lang/Object;J)V name or signature does not match> (0x0000000795592d48) thrown at [/Users/java_re/workspace/8-2-build-macosx-x86_64/jdk8u45/3457/hotspot/src/share/vm/prim
Event: 0.342 Thread 0x00007f890c012000 Exception <a 'java/lang/NoSuchFieldError': method resolution failed> (0x0000000795a79578) thrown at [/Users/java_re/workspace/8-2-build-macosx-x86_64/jdk8u45/3457/hotspot/src/share/vm/prims/methodHandles.cpp, line 1125]
Event: 0.349 Thread 0x00007f890c012000 Exception <a 'java/lang/NoSuchFieldError': method resolution failed> (0x0000000795a884b8) thrown at [/Users/java_re/workspace/8-2-build-macosx-x86_64/jdk8u45/3457/hotspot/src/share/vm/prims/methodHandles.cpp, line 1125]
Event: 0.385 Thread 0x00007f890c012000 Exception <a 'java/security/PrivilegedActionException'> (0x0000000795b323f8) thrown at [/Users/java_re/workspace/8-2-build-macosx-x86_64/jdk8u45/3457/hotspot/src/share/vm/prims/jvm.cpp, line 1382]
Event: 0.385 Thread 0x00007f890c012000 Exception <a 'java/security/PrivilegedActionException'> (0x0000000795b325b0) thrown at [/Users/java_re/workspace/8-2-build-macosx-x86_64/jdk8u45/3457/hotspot/src/share/vm/prims/jvm.cpp, line 1382]
Event: 0.386 Thread 0x00007f890c012000 Exception <a 'java/security/PrivilegedActionException'> (0x0000000795b357a0) thrown at [/Users/java_re/workspace/8-2-build-macosx-x86_64/jdk8u45/3457/hotspot/src/share/vm/prims/jvm.cpp, line 1382]
Event: 0.386 Thread 0x00007f890c012000 Exception <a 'java/security/PrivilegedActionException'> (0x0000000795b35958) thrown at [/Users/java_re/workspace/8-2-build-macosx-x86_64/jdk8u45/3457/hotspot/src/share/vm/prims/jvm.cpp, line 1382]
Event: 0.386 Thread 0x00007f890c012000 Exception <a 'java/lang/NullPointerException'> (0x0000000795b36520) thrown at [/Users/java_re/workspace/8-2-build-macosx-x86_64/jdk8u45/3457/hotspot/src/share/vm/interpreter/linkResolver.cpp, line 1178]
Event: 0.978 Thread 0x00007f890c012000 Exception <a 'java/lang/reflect/InvocationTargetException'> (0x00000007962c4f30) thrown at [/Users/java_re/workspace/8-2-build-macosx-x86_64/jdk8u45/3457/hotspot/src/share/vm/runtime/reflection.cpp, line 1080]

Events (10 events):
Event: 1.021 loading class java/util/Formatter$Conversion
Event: 1.022 loading class java/util/Formatter$Conversion done
Event: 1.022 loading class java/util/Formattable
Event: 1.022 loading class java/util/Formattable done
Event: 1.022 loading class java/util/IdentityHashMap$KeyIterator
Event: 1.022 loading class java/util/IdentityHashMap$IdentityHashMapIterator
Event: 1.022 loading class java/util/IdentityHashMap$IdentityHashMapIterator done
Event: 1.022 loading class java/util/IdentityHashMap$KeyIterator done
Event: 1.023 Thread 0x00007f890c014800 Thread exited: 0x00007f890c014800
Event: 1.023 Executing VM operation: Exit


Dynamic libraries:
0x000000000d3c1000 	/System/Library/Frameworks/Cocoa.framework/Versions/A/Cocoa
0x000000000d3c1000 	/System/Library/Frameworks/Security.framework/Versions/A/Security
0x000000000d3c1000 	/System/Library/Frameworks/ApplicationServices.framework/Versions/A/ApplicationServices
0x000000000d3c1000 	/usr/lib/libz.1.dylib
0x000000000d3c1000 	/usr/lib/libSystem.B.dylib
0x000000000d3c1000 	/usr/lib/libobjc.A.dylib
0x000000000d3c1000 	/System/Library/Frameworks/CoreFoundation.framework/Versions/A/CoreFoundation
0x000000000d3c1000 	/System/Library/Frameworks/Foundation.framework/Versions/C/Foundation
0x000000000d3c1000 	/System/Library/Frameworks/AppKit.framework/Versions/C/AppKit
0x000000000d3c1000 	/System/Library/Frameworks/CoreData.framework/Versions/A/CoreData
0x000000000d3c1000 	/System/Library/PrivateFrameworks/RemoteViewServices.framework/Versions/A/RemoteViewServices
0x000000000d3c1000 	/System/Library/PrivateFrameworks/UIFoundation.framework/Versions/A/UIFoundation
0x000000000d3c1000 	/System/Library/PrivateFrameworks/DFRFoundation.framework/Versions/A/DFRFoundation
0x000000000d3c1000 	/System/Library/Frameworks/Metal.framework/Versions/A/Metal
0x000000000d3c1000 	/System/Library/PrivateFrameworks/DesktopServicesPriv.framework/Versions/A/DesktopServicesPriv
0x000000000d3c1000 	/usr/lib/libenergytrace.dylib
0x000000000d3c1000 	/System/Library/PrivateFrameworks/SkyLight.framework/Versions/A/SkyLight
0x000000000d3c1000 	/System/Library/Frameworks/CoreGraphics.framework/Versions/A/CoreGraphics
0x000000000d3c1000 	/usr/lib/libScreenReader.dylib
0x000000000d3c1000 	/System/Library/Frameworks/Accelerate.framework/Versions/A/Accelerate
0x000000000d3c1000 	/System/Library/Frameworks/IOSurface.framework/Versions/A/IOSurface
0x000000000d3c1000 	/System/Library/Frameworks/AudioToolbox.framework/Versions/A/AudioToolbox
0x000000000d3c1000 	/System/Library/Frameworks/AudioUnit.framework/Versions/A/AudioUnit
0x000000000d3c1000 	/System/Library/PrivateFrameworks/DataDetectorsCore.framework/Versions/A/DataDetectorsCore
0x000000000d3c1000 	/System/Library/Frameworks/Carbon.framework/Versions/A/Frameworks/HIToolbox.framework/Versions/A/HIToolbox
0x000000000d3c1000 	/usr/lib/libicucore.A.dylib
0x000000000d3c1000 	/System/Library/Frameworks/QuartzCore.framework/Versions/A/QuartzCore
0x000000000d3c1000 	/System/Library/PrivateFrameworks/SignpostNotification.framework/Versions/A/SignpostNotification
0x000000000d3c1000 	/System/Library/Frameworks/Carbon.framework/Versions/A/Frameworks/SpeechRecognition.framework/Versions/A/SpeechRecognition
0x000000000d3c1000 	/usr/lib/libauto.dylib
0x000000000d3c1000 	/usr/lib/libxml2.2.dylib
0x000000000d3c1000 	/System/Library/PrivateFrameworks/CoreUI.framework/Versions/A/CoreUI
0x000000000d3c1000 	/System/Library/Frameworks/CoreAudio.framework/Versions/A/CoreAudio
0x000000000d3c1000 	/System/Library/Frameworks/DiskArbitration.framework/Versions/A/DiskArbitration
0x000000000d3c1000 	/usr/lib/liblangid.dylib
0x000000000d3c1000 	/System/Library/PrivateFrameworks/MultitouchSupport.framework/Versions/A/MultitouchSupport
0x000000000d3c1000 	/System/Library/Frameworks/IOKit.framework/Versions/A/IOKit
0x000000000d3c1000 	/usr/lib/libDiagnosticMessagesClient.dylib
0x000000000d3c1000 	/System/Library/Frameworks/CoreServices.framework/Versions/A/CoreServices
0x000000000d3c1000 	/System/Library/PrivateFrameworks/PerformanceAnalysis.framework/Versions/A/PerformanceAnalysis
0x000000000d3c1000 	/System/Library/Frameworks/OpenGL.framework/Versions/A/OpenGL
0x000000000d3c1000 	/System/Library/Frameworks/ColorSync.framework/Versions/A/ColorSync
0x000000000d3c1000 	/System/Library/Frameworks/CoreImage.framework/Versions/A/CoreImage
0x000000000d3c1000 	/System/Library/Frameworks/CoreText.framework/Versions/A/CoreText
0x000000000d3c1000 	/System/Library/Frameworks/ImageIO.framework/Versions/A/ImageIO
0x000000000d3c1000 	/System/Library/PrivateFrameworks/Backup.framework/Versions/A/Backup
0x000000000d3c1000 	/usr/lib/libarchive.2.dylib
0x000000000d3c1000 	/System/Library/Frameworks/CFNetwork.framework/Versions/A/CFNetwork
0x000000000d3c1000 	/System/Library/Frameworks/SystemConfiguration.framework/Versions/A/SystemConfiguration
0x000000000d3c1000 	/usr/lib/libCRFSuite.dylib
0x000000000d3c1000 	/usr/lib/libc++.1.dylib
0x000000000d3c1000 	/usr/lib/libc++abi.dylib
0x000000000d3c1000 	/usr/lib/system/libcache.dylib
0x000000000d3c1000 	/usr/lib/system/libcommonCrypto.dylib
0x000000000d3c1000 	/usr/lib/system/libcompiler_rt.dylib
0x000000000d3c1000 	/usr/lib/system/libcopyfile.dylib
0x000000000d3c1000 	/usr/lib/system/libcorecrypto.dylib
0x000000000d3c1000 	/usr/lib/system/libdispatch.dylib
0x000000000d3c1000 	/usr/lib/system/libdyld.dylib
0x000000000d3c1000 	/usr/lib/system/libkeymgr.dylib
0x000000000d3c1000 	/usr/lib/system/liblaunch.dylib
0x000000000d3c1000 	/usr/lib/system/libmacho.dylib
0x000000000d3c1000 	/usr/lib/system/libquarantine.dylib
0x000000000d3c1000 	/usr/lib/system/libremovefile.dylib
0x000000000d3c1000 	/usr/lib/system/libsystem_asl.dylib
0x000000000d3c1000 	/usr/lib/system/libsystem_blocks.dylib
0x000000000d3c1000 	/usr/lib/system/libsystem_c.dylib
0x000000000d3c1000 	/usr/lib/system/libsystem_configuration.dylib
0x000000000d3c1000 	/usr/lib/system/libsystem_coreservices.dylib
0x000000000d3c1000 	/usr/lib/system/libsystem_darwin.dylib
0x000000000d3c1000 	/usr/lib/system/libsystem_dnssd.dylib
0x000000000d3c1000 	/usr/lib/system/libsystem_info.dylib
0x000000000d3c1000 	/usr/lib/system/libsystem_m.dylib
0x000000000d3c1000 	/usr/lib/system/libsystem_malloc.dylib
0x000000000d3c1000 	/usr/lib/system/libsystem_network.dylib
0x000000000d3c1000 	/usr/lib/system/libsystem_networkextension.dylib
0x000000000d3c1000 	/usr/lib/system/libsystem_notify.dylib
0x000000000d3c1000 	/usr/lib/system/libsystem_sandbox.dylib
0x000000000d3c1000 	/usr/lib/system/libsystem_secinit.dylib
0x000000000d3c1000 	/usr/lib/system/libsystem_kernel.dylib
0x000000000d3c1000 	/usr/lib/system/libsystem_platform.dylib
0x000000000d3c1000 	/usr/lib/system/libsystem_pthread.dylib
0x000000000d3c1000 	/usr/lib/system/libsystem_symptoms.dylib
0x000000000d3c1000 	/usr/lib/system/libsystem_trace.dylib
0x000000000d3c1000 	/usr/lib/system/libunwind.dylib
0x000000000d3c1000 	/usr/lib/system/libxpc.dylib
0x000000000d3c1000 	/usr/lib/closure/libclosured.dylib
0x000000000d3c1000 	/usr/lib/libbsm.0.dylib
0x000000000d3c1000 	/usr/lib/system/libkxld.dylib
0x000000000d3c1000 	/usr/lib/libOpenScriptingUtil.dylib
0x000000000d3c1000 	/usr/lib/libcoretls.dylib
0x000000000d3c1000 	/usr/lib/libcoretls_cfhelpers.dylib
0x000000000d3c1000 	/usr/lib/libpam.2.dylib
0x000000000d3c1000 	/usr/lib/libsqlite3.dylib
0x000000000d3c1000 	/usr/lib/libxar.1.dylib
0x000000000d3c1000 	/usr/lib/libbz2.1.0.dylib
0x000000000d3c1000 	/usr/lib/liblzma.5.dylib
0x000000000d3c1000 	/usr/lib/libnetwork.dylib
0x000000000d3c1000 	/usr/lib/libapple_nghttp2.dylib
0x000000000d3c1000 	/usr/lib/libpcap.A.dylib
0x000000000d3c1000 	/usr/lib/libboringssl.dylib
0x000000000d3c1000 	/usr/lib/libusrtcp.dylib
0x000000000d3c1000 	/usr/lib/libapple_crypto.dylib
0x000000000d3c1000 	/System/Library/Frameworks/CoreServices.framework/Versions/A/Frameworks/FSEvents.framework/Versions/A/FSEvents
0x000000000d3c1000 	/System/Library/Frameworks/CoreServices.framework/Versions/A/Frameworks/CarbonCore.framework/Versions/A/CarbonCore
0x000000000d3c1000 	/System/Library/Frameworks/CoreServices.framework/Versions/A/Frameworks/Metadata.framework/Versions/A/Metadata
0x000000000d3c1000 	/System/Library/Frameworks/CoreServices.framework/Versions/A/Frameworks/OSServices.framework/Versions/A/OSServices
0x000000000d3c1000 	/System/Library/Frameworks/CoreServices.framework/Versions/A/Frameworks/SearchKit.framework/Versions/A/SearchKit
0x000000000d3c1000 	/System/Library/Frameworks/CoreServices.framework/Versions/A/Frameworks/AE.framework/Versions/A/AE
0x000000000d3c1000 	/System/Library/Frameworks/CoreServices.framework/Versions/A/Frameworks/LaunchServices.framework/Versions/A/LaunchServices
0x000000000d3c1000 	/System/Library/Frameworks/CoreServices.framework/Versions/A/Frameworks/DictionaryServices.framework/Versions/A/DictionaryServices
0x000000000d3c1000 	/System/Library/Frameworks/CoreServices.framework/Versions/A/Frameworks/SharedFileList.framework/Versions/A/SharedFileList
0x000000000d3c1000 	/System/Library/Frameworks/NetFS.framework/Versions/A/NetFS
0x000000000d3c1000 	/System/Library/PrivateFrameworks/NetAuth.framework/Versions/A/NetAuth
0x000000000d3c1000 	/System/Library/PrivateFrameworks/login.framework/Versions/A/Frameworks/loginsupport.framework/Versions/A/loginsupport
0x000000000d3c1000 	/System/Library/PrivateFrameworks/TCC.framework/Versions/A/TCC
0x000000000d3c1000 	/usr/lib/libmecabra.dylib
0x000000000d3c1000 	/System/Library/Frameworks/ApplicationServices.framework/Versions/A/Frameworks/ATS.framework/Versions/A/ATS
0x000000000d3c1000 	/System/Library/Frameworks/ApplicationServices.framework/Versions/A/Frameworks/ColorSyncLegacy.framework/Versions/A/ColorSyncLegacy
0x000000000d3c1000 	/System/Library/Frameworks/ApplicationServices.framework/Versions/A/Frameworks/HIServices.framework/Versions/A/HIServices
0x000000000d3c1000 	/System/Library/Frameworks/ApplicationServices.framework/Versions/A/Frameworks/LangAnalysis.framework/Versions/A/LangAnalysis
0x000000000d3c1000 	/System/Library/Frameworks/ApplicationServices.framework/Versions/A/Frameworks/PrintCore.framework/Versions/A/PrintCore
0x000000000d3c1000 	/System/Library/Frameworks/ApplicationServices.framework/Versions/A/Frameworks/QD.framework/Versions/A/QD
0x000000000d3c1000 	/System/Library/Frameworks/ApplicationServices.framework/Versions/A/Frameworks/SpeechSynthesis.framework/Versions/A/SpeechSynthesis
0x000000000d3c1000 	/System/Library/Frameworks/CoreDisplay.framework/Versions/A/CoreDisplay
0x000000000d3c1000 	/System/Library/Frameworks/Accelerate.framework/Versions/A/Frameworks/vImage.framework/Versions/A/vImage
0x000000000d3c1000 	/System/Library/Frameworks/Accelerate.framework/Versions/A/Frameworks/vecLib.framework/Versions/A/vecLib
0x000000000d3c1000 	/System/Library/Frameworks/Accelerate.framework/Versions/A/Frameworks/vecLib.framework/Versions/A/libvDSP.dylib
0x000000000d3c1000 	/System/Library/Frameworks/Accelerate.framework/Versions/A/Frameworks/vecLib.framework/Versions/A/libBNNS.dylib
0x000000000d3c1000 	/System/Library/Frameworks/Accelerate.framework/Versions/A/Frameworks/vecLib.framework/Versions/A/libQuadrature.dylib
0x000000000d3c1000 	/System/Library/Frameworks/Accelerate.framework/Versions/A/Frameworks/vecLib.framework/Versions/A/libvMisc.dylib
0x000000000d3c1000 	/System/Library/Frameworks/Accelerate.framework/Versions/A/Frameworks/vecLib.framework/Versions/A/libLAPACK.dylib
0x000000000d3c1000 	/System/Library/Frameworks/Accelerate.framework/Versions/A/Frameworks/vecLib.framework/Versions/A/libBLAS.dylib
0x000000000d3c1000 	/System/Library/Frameworks/Accelerate.framework/Versions/A/Frameworks/vecLib.framework/Versions/A/libLinearAlgebra.dylib
0x000000000d3c1000 	/System/Library/Frameworks/Accelerate.framework/Versions/A/Frameworks/vecLib.framework/Versions/A/libSparse.dylib
0x000000000d3c1000 	/System/Library/Frameworks/Accelerate.framework/Versions/A/Frameworks/vecLib.framework/Versions/A/libSparseBLAS.dylib
0x000000000d3c1000 	/System/Library/PrivateFrameworks/GPUWrangler.framework/Versions/A/GPUWrangler
0x000000000d3c1000 	/System/Library/PrivateFrameworks/IOAccelerator.framework/Versions/A/IOAccelerator
0x000000000d3c1000 	/System/Library/PrivateFrameworks/IOPresentment.framework/Versions/A/IOPresentment
0x000000000d3c1000 	/System/Library/PrivateFrameworks/DSExternalDisplay.framework/Versions/A/DSExternalDisplay
0x000000000d3c1000 	/System/Library/Frameworks/OpenGL.framework/Versions/A/Libraries/libCoreFSCache.dylib
0x000000000d3c1000 	/System/Library/Frameworks/CoreVideo.framework/Versions/A/CoreVideo
0x000000000d3c1000 	/System/Library/PrivateFrameworks/GraphVisualizer.framework/Versions/A/GraphVisualizer
0x000000000d3c1000 	/System/Library/Frameworks/MetalPerformanceShaders.framework/Versions/A/MetalPerformanceShaders
0x000000000d3c1000 	/usr/lib/libFosl_dynamic.dylib
0x000000000d3c1000 	/System/Library/PrivateFrameworks/FaceCore.framework/Versions/A/FaceCore
0x000000000d3c1000 	/System/Library/Frameworks/OpenCL.framework/Versions/A/OpenCL
0x000000000d3c1000 	/usr/lib/libcompression.dylib
0x000000000d3c1000 	/System/Library/Frameworks/ApplicationServices.framework/Versions/A/Frameworks/ATS.framework/Versions/A/Resources/libFontParser.dylib
0x000000000d3c1000 	/System/Library/Frameworks/ApplicationServices.framework/Versions/A/Frameworks/ATS.framework/Versions/A/Resources/libFontRegistry.dylib
0x000000000d3c1000 	/System/Library/Frameworks/ImageIO.framework/Versions/A/Resources/libJPEG.dylib
0x000000000d3c1000 	/System/Library/Frameworks/ImageIO.framework/Versions/A/Resources/libTIFF.dylib
0x000000000d3c1000 	/System/Library/Frameworks/ImageIO.framework/Versions/A/Resources/libPng.dylib
0x000000000d3c1000 	/System/Library/Frameworks/ImageIO.framework/Versions/A/Resources/libGIF.dylib
0x000000000d3c1000 	/System/Library/Frameworks/ImageIO.framework/Versions/A/Resources/libJP2.dylib
0x000000000d3c1000 	/System/Library/Frameworks/ImageIO.framework/Versions/A/Resources/libRadiance.dylib
0x000000000d3c1000 	/System/Library/PrivateFrameworks/AppleJPEG.framework/Versions/A/AppleJPEG
0x000000000d3c1000 	/System/Library/Frameworks/MetalPerformanceShaders.framework/Frameworks/MPSCore.framework/Versions/A/MPSCore
0x000000000d3c1000 	/System/Library/Frameworks/MetalPerformanceShaders.framework/Frameworks/MPSImage.framework/Versions/A/MPSImage
0x000000000d3c1000 	/System/Library/Frameworks/MetalPerformanceShaders.framework/Frameworks/MPSNeuralNetwork.framework/Versions/A/MPSNeuralNetwork
0x000000000d3c1000 	/System/Library/Frameworks/MetalPerformanceShaders.framework/Frameworks/MPSMatrix.framework/Versions/A/MPSMatrix
0x000000000d3c1000 	/System/Library/PrivateFrameworks/MetalTools.framework/Versions/A/MetalTools
0x000000000d3c1000 	/System/Library/Frameworks/OpenGL.framework/Versions/A/Libraries/libGLU.dylib
0x000000000d3c1000 	/System/Library/Frameworks/OpenGL.framework/Versions/A/Libraries/libGFXShared.dylib
0x000000000d3c1000 	/System/Library/Frameworks/OpenGL.framework/Versions/A/Libraries/libGL.dylib
0x000000000d3c1000 	/System/Library/Frameworks/OpenGL.framework/Versions/A/Libraries/libGLImage.dylib
0x000000000d3c1000 	/System/Library/Frameworks/OpenGL.framework/Versions/A/Libraries/libCVMSPluginSupport.dylib
0x000000000d3c1000 	/System/Library/Frameworks/OpenGL.framework/Versions/A/Libraries/libCoreVMClient.dylib
0x000000000d3c1000 	/usr/lib/libcups.2.dylib
0x000000000d3c1000 	/System/Library/Frameworks/Kerberos.framework/Versions/A/Kerberos
0x000000000d3c1000 	/System/Library/Frameworks/GSS.framework/Versions/A/GSS
0x000000000d3c1000 	/usr/lib/libresolv.9.dylib
0x000000000d3c1000 	/usr/lib/libiconv.2.dylib
0x000000000d3c1000 	/System/Library/PrivateFrameworks/Heimdal.framework/Versions/A/Heimdal
0x000000000d3c1000 	/usr/lib/libheimdal-asn1.dylib
0x000000000d3c1000 	/System/Library/Frameworks/OpenDirectory.framework/Versions/A/OpenDirectory
0x000000000d3c1000 	/System/Library/PrivateFrameworks/CommonAuth.framework/Versions/A/CommonAuth
0x000000000d3c1000 	/System/Library/Frameworks/OpenDirectory.framework/Versions/A/Frameworks/CFOpenDirectory.framework/Versions/A/CFOpenDirectory
0x000000000d3c1000 	/System/Library/Frameworks/SecurityFoundation.framework/Versions/A/SecurityFoundation
0x000000000d3c1000 	/System/Library/PrivateFrameworks/APFS.framework/Versions/A/APFS
0x000000000d3c1000 	/usr/lib/libutil.dylib
0x000000000d3c1000 	/System/Library/PrivateFrameworks/AppleSauce.framework/Versions/A/AppleSauce
0x000000000d3c1000 	/System/Library/PrivateFrameworks/LinguisticData.framework/Versions/A/LinguisticData
0x000000000d3c1000 	/usr/lib/libmarisa.dylib
0x000000000d3c1000 	/System/Library/PrivateFrameworks/Lexicon.framework/Versions/A/Lexicon
0x000000000d3c1000 	/usr/lib/libChineseTokenizer.dylib
0x000000000d3c1000 	/usr/lib/libcmph.dylib
0x000000000d3c1000 	/System/Library/PrivateFrameworks/LanguageModeling.framework/Versions/A/LanguageModeling
0x000000000d3c1000 	/System/Library/PrivateFrameworks/CoreEmoji.framework/Versions/A/CoreEmoji
0x000000000d3c1000 	/System/Library/Frameworks/ServiceManagement.framework/Versions/A/ServiceManagement
0x000000000d3c1000 	/System/Library/PrivateFrameworks/BackgroundTaskManagement.framework/Versions/A/BackgroundTaskManagement
0x000000000d3c1000 	/usr/lib/libxslt.1.dylib
0x000000000d3c1000 	/System/Library/Frameworks/Carbon.framework/Versions/A/Frameworks/Ink.framework/Versions/A/Ink
0x000000000d3c1000 	/System/Library/PrivateFrameworks/TextureIO.framework/Versions/A/TextureIO
0x000000000d3c1000 	/usr/lib/libate.dylib
0x000000000d3c1000 	/System/Library/PrivateFrameworks/CrashReporterSupport.framework/Versions/A/CrashReporterSupport
0x000000000d3c1000 	/System/Library/PrivateFrameworks/Sharing.framework/Versions/A/Sharing
0x000000000d3c1000 	/System/Library/PrivateFrameworks/IconServices.framework/Versions/A/IconServices
0x000000000d3c1000 	/System/Library/PrivateFrameworks/AuthKit.framework/Versions/A/AuthKit
0x000000000d3c1000 	/System/Library/PrivateFrameworks/Apple80211.framework/Versions/A/Apple80211
0x000000000d3c1000 	/System/Library/PrivateFrameworks/CoreUtils.framework/Versions/A/CoreUtils
0x000000000d3c1000 	/System/Library/Frameworks/CoreWLAN.framework/Versions/A/CoreWLAN
0x000000000d3c1000 	/System/Library/Frameworks/IOBluetooth.framework/Versions/A/IOBluetooth
0x000000000d3c1000 	/System/Library/PrivateFrameworks/ProtocolBuffer.framework/Versions/A/ProtocolBuffer
0x000000000d3c1000 	/System/Library/PrivateFrameworks/MobileKeyBag.framework/Versions/A/MobileKeyBag
0x000000000d3c1000 	/System/Library/PrivateFrameworks/CorePhoneNumbers.framework/Versions/A/CorePhoneNumbers
0x000000000d3c1000 	/System/Library/PrivateFrameworks/AppleIDAuthSupport.framework/Versions/A/AppleIDAuthSupport
0x000000000d3c1000 	/System/Library/PrivateFrameworks/KeychainCircle.framework/Versions/A/KeychainCircle
0x000000000d3c1000 	/System/Library/PrivateFrameworks/CoreWiFi.framework/Versions/A/CoreWiFi
0x000000000d3c1000 	/System/Library/Frameworks/CoreBluetooth.framework/Versions/A/CoreBluetooth
0x000000000d3c1000 	/System/Library/PrivateFrameworks/DebugSymbols.framework/Versions/A/DebugSymbols
0x000000000d3c1000 	/System/Library/PrivateFrameworks/CoreSymbolication.framework/Versions/A/CoreSymbolication
0x000000000d3c1000 	/System/Library/PrivateFrameworks/Symbolication.framework/Versions/A/Symbolication
0x000000000d3c1000 	/System/Library/PrivateFrameworks/AppleFSCompression.framework/Versions/A/AppleFSCompression
0x000000000d3c1000 	/System/Library/PrivateFrameworks/SpeechRecognitionCore.framework/Versions/A/SpeechRecognitionCore
0x0000000102a00000 	/Library/Java/JavaVirtualMachines/jdk1.8.0_45.jdk/Contents/Home/jre/lib/server/libjvm.dylib
0x000000000d3c1000 	/usr/lib/libstdc++.6.0.9.dylib
0x0000000102149000 	/Library/Java/JavaVirtualMachines/jdk1.8.0_45.jdk/Contents/Home/jre/lib/libverify.dylib
0x0000000102157000 	/Library/Java/JavaVirtualMachines/jdk1.8.0_45.jdk/Contents/Home/jre/lib/libjava.dylib
0x000000010218d000 	/Library/Java/JavaVirtualMachines/jdk1.8.0_45.jdk/Contents/Home/jre/lib/libinstrument.dylib
0x00000001021eb000 	/Library/Java/JavaVirtualMachines/jdk1.8.0_45.jdk/Contents/Home/jre/lib/libzip.dylib
0x000000000d3c1000 	/System/Library/Frameworks/JavaVM.framework/Versions/A/Frameworks/JavaRuntimeSupport.framework/Versions/A/JavaRuntimeSupport
0x000000000d3c1000 	/System/Library/Frameworks/JavaVM.framework/Versions/A/Frameworks/JavaNativeFoundation.framework/Versions/A/JavaNativeFoundation
0x000000000d3c1000 	/System/Library/Frameworks/JavaVM.framework/Versions/A/JavaVM
0x000000000d3c1000 	/System/Library/Frameworks/Carbon.framework/Versions/A/Carbon
0x000000000d3c1000 	/System/Library/PrivateFrameworks/JavaLaunching.framework/Versions/A/JavaLaunching
0x000000000d3c1000 	/System/Library/Frameworks/Carbon.framework/Versions/A/Frameworks/CommonPanels.framework/Versions/A/CommonPanels
0x000000000d3c1000 	/System/Library/Frameworks/Carbon.framework/Versions/A/Frameworks/Help.framework/Versions/A/Help
0x000000000d3c1000 	/System/Library/Frameworks/Carbon.framework/Versions/A/Frameworks/ImageCapture.framework/Versions/A/ImageCapture
0x000000000d3c1000 	/System/Library/Frameworks/Carbon.framework/Versions/A/Frameworks/OpenScripting.framework/Versions/A/OpenScripting
0x000000000d3c1000 	/System/Library/Frameworks/Carbon.framework/Versions/A/Frameworks/Print.framework/Versions/A/Print
0x000000000d3c1000 	/System/Library/Frameworks/Carbon.framework/Versions/A/Frameworks/SecurityHI.framework/Versions/A/SecurityHI
0x000000010be1f000 	/Library/Java/JavaVirtualMachines/jdk1.8.0_45.jdk/Contents/Home/jre/lib/libnet.dylib
0x000000010bf14000 	/Library/Java/JavaVirtualMachines/jdk1.8.0_45.jdk/Contents/Home/jre/lib/libprism_es2.dylib
0x000000000d3c1000 	/System/Library/PrivateFrameworks/CoreServicesInternal.framework/Versions/A/CoreServicesInternal
0x000000000d3c1000 	/System/Library/Frameworks/OpenGL.framework/Versions/A/Resources/GLEngine.bundle/GLEngine
0x000000000d3c1000 	/System/Library/Frameworks/OpenGL.framework/Versions/A/Libraries/libGLProgrammability.dylib
0x000000010bfbe000 	/System/Library/Extensions/AppleIntelHD5000GraphicsGLDriver.bundle/Contents/MacOS/AppleIntelHD5000GraphicsGLDriver
0x000000000d3c1000 	/System/Library/PrivateFrameworks/GPUSupport.framework/Versions/A/Libraries/libGPUSupportMercury.dylib
0x000000000d3c1000 	/System/Library/Frameworks/OpenGL.framework/Versions/A/Resources/GLRendererFloat.bundle/GLRendererFloat
0x000000000d3c1000 	/System/Library/Frameworks/OpenCL.framework/Versions/A/Libraries/libcldcpuengine.dylib
0x000000000d3c1000 	/usr/lib/libcrypto.35.dylib
0x000000000d3c1000 	/System/Library/PrivateFrameworks/TrustEvaluationAgent.framework/Versions/A/TrustEvaluationAgent
0x000000010cb9e000 	/Library/Java/JavaVirtualMachines/jdk1.8.0_45.jdk/Contents/Home/jre/lib/libglass.dylib
0x000000000d3c1000 	/System/Library/CoreServices/RawCamera.bundle/Contents/MacOS/RawCamera
0x000000000d3c1000 	/System/Library/PrivateFrameworks/MobileAsset.framework/Versions/A/MobileAsset
0x000000000d3c1000 	/System/Library/PrivateFrameworks/StreamingZip.framework/Versions/A/StreamingZip
0x000000000d3c1000 	/System/Library/Frameworks/MediaToolbox.framework/Versions/A/MediaToolbox
0x000000000d3c1000 	/System/Library/PrivateFrameworks/CoreAVCHD.framework/Versions/A/CoreAVCHD
0x000000000d3c1000 	/System/Library/Frameworks/MediaAccessibility.framework/Versions/A/MediaAccessibility
0x000000000d3c1000 	/System/Library/PrivateFrameworks/Mangrove.framework/Versions/A/Mangrove
0x000000000d3c1000 	/System/Library/Frameworks/CoreMedia.framework/Versions/A/CoreMedia
0x000000000d3c1000 	/System/Library/Frameworks/VideoToolbox.framework/Versions/A/VideoToolbox
0x000000000d3c1000 	/System/Library/PrivateFrameworks/CoreAUC.framework/Versions/A/CoreAUC
0x000000000d3c1000 	/usr/lib/libspindump.dylib
0x000000000d3c1000 	/System/Library/PrivateFrameworks/AppleVA.framework/Versions/A/AppleVA
0x000000000d3c1000 	/System/Library/Frameworks/Accelerate.framework/Versions/A/Frameworks/vImage.framework/Versions/A/Libraries/libCGInterfaces.dylib
0x000000000d3c1000 	/System/Library/PrivateFrameworks/FamilyControls.framework/Versions/A/FamilyControls
0x000000000d3c1000 	/System/Library/PrivateFrameworks/CommerceKit.framework/Versions/A/Frameworks/CommerceCore.framework/Versions/A/CommerceCore
0x000000000d3c1000 	/System/Library/PrivateFrameworks/SystemAdministration.framework/Versions/A/SystemAdministration
0x000000000d3c1000 	/System/Library/PrivateFrameworks/AppContainer.framework/Versions/A/AppContainer
0x000000000d3c1000 	/System/Library/PrivateFrameworks/SecCodeWrapper.framework/Versions/A/SecCodeWrapper
0x000000000d3c1000 	/System/Library/PrivateFrameworks/DiskManagement.framework/Versions/A/DiskManagement
0x000000000d3c1000 	/System/Library/Frameworks/DirectoryService.framework/Versions/A/DirectoryService
0x000000000d3c1000 	/System/Library/PrivateFrameworks/DiskImages.framework/Versions/A/DiskImages
0x000000000d3c1000 	/System/Library/PrivateFrameworks/LoginUIKit.framework/Versions/A/Frameworks/LoginUICore.framework/Versions/A/LoginUICore
0x000000000d3c1000 	/usr/lib/libCoreStorage.dylib
0x000000000d3c1000 	/usr/lib/libcsfde.dylib
0x000000000d3c1000 	/usr/lib/libodfde.dylib
0x000000000d3c1000 	/System/Library/PrivateFrameworks/MediaKit.framework/Versions/A/MediaKit
0x000000000d3c1000 	/System/Library/Frameworks/DiscRecording.framework/Versions/A/DiscRecording
0x000000000d3c1000 	/System/Library/PrivateFrameworks/EFILogin.framework/Versions/A/EFILogin
0x000000000d3c1000 	/System/Library/PrivateFrameworks/ProtectedCloudStorage.framework/Versions/A/ProtectedCloudStorage
0x000000000d3c1000 	/usr/lib/libcurl.4.dylib
0x000000000d3c1000 	/usr/lib/libssl.35.dylib
0x000000000d3c1000 	/System/Library/Frameworks/LDAP.framework/Versions/A/LDAP
0x000000000d3c1000 	/usr/lib/libsasl2.2.dylib
0x000000000d3c1000 	/System/Library/PrivateFrameworks/CoreDaemon.framework/Versions/B/CoreDaemon
0x000000000d3c1000 	/System/Library/PrivateFrameworks/AppleSRP.framework/Versions/A/AppleSRP

VM Arguments:
jvm_args: -javaagent:/Applications/IntelliJ IDEA CE.app/Contents/lib/idea_rt.jar=65370:/Applications/IntelliJ IDEA CE.app/Contents/bin -Dfile.encoding=UTF-8 
java_command: cat.gencat.access.gesticus
java_class_path (initial): /Library/Java/JavaVirtualMachines/jdk1.8.0_45.jdk/Contents/Home/jre/lib/charsets.jar:/Library/Java/JavaVirtualMachines/jdk1.8.0_45.jdk/Contents/Home/jre/lib/deploy.jar:/Library/Java/JavaVirtualMachines/jdk1.8.0_45.jdk/Contents/Home/jre/lib/ext/cldrdata.jar:/Library/Java/JavaVirtualMachines/jdk1.8.0_45.jdk/Contents/Home/jre/lib/ext/dnsns.jar:/Library/Java/JavaVirtualMachines/jdk1.8.0_45.jdk/Contents/Home/jre/lib/ext/jfxrt.jar:/Library/Java/JavaVirtualMachines/jdk1.8.0_45.jdk/Contents/Home/jre/lib/ext/localedata.jar:/Library/Java/JavaVirtualMachines/jdk1.8.0_45.jdk/Contents/Home/jre/lib/ext/nashorn.jar:/Library/Java/JavaVirtualMachines/jdk1.8.0_45.jdk/Contents/Home/jre/lib/ext/sunec.jar:/Library/Java/JavaVirtualMachines/jdk1.8.0_45.jdk/Contents/Home/jre/lib/ext/sunjce_provider.jar:/Library/Java/JavaVirtualMachines/jdk1.8.0_45.jdk/Contents/Home/jre/lib/ext/sunpkcs11.jar:/Library/Java/JavaVirtualMachines/jdk1.8.0_45.jdk/Contents/Home/jre/lib/ext/zipfs.jar:/Library/Java/JavaVirtualMachines/jdk1.8.0_45.jdk/Contents/Home/jre/lib/javaws.jar:/Library/Java/JavaVirtualMachines/jdk1.8.0_45.jdk/Contents/Home/jre/lib/jce.jar:/Library/Java/JavaVirtualMachines/jdk1.8.0_45.jdk/Contents/Home/jre/lib/jfr.jar:/Library/Java/JavaVirtualMachines/jdk1.8.0_45.jdk/Contents/Home/jre/lib/jfxswt.jar:/Library/Java/JavaVirtualMachines/jdk1.8.0_45.jdk/Contents/Home/jre/lib/jsse.jar:/Library/Java/JavaVirtualMachines/jdk1.8.0_45.jdk/Contents/Home/jre/lib/management-agent.jar:/Library/Java/JavaVirtualMachines/jdk1.8.0_45.jdk/Contents/Home/jre/lib/plugin.jar:/Library/Java/JavaVirtualMachines/jdk1.8.0_45.jdk/Contents/Home/jre/lib/resources.jar:/Library/Java/JavaVirtualMachines/jdk1.8.0_45.jdk/Contents/Home/jre/lib/rt.jar:/Library/Java/JavaVirtualMachines/jdk1.8.0_45.jdk/Contents/Home/lib/ant-javafx.jar:/Library/Java/JavaVirtualMachines/jdk1.8.0_45.jdk/Contents/Home/lib/dt.jar:/Library/Java/JavaVirtualMachines/jdk1.8.0_45.jdk/Contents/Home/lib/javafx-mx.jar:/Library/Java/Jav
Launcher Type: SUN_STANDARD

Environment Variables:
JAVA_HOME=/Library/Java/JavaVirtualMachines/jdk-9.0.1.jdk/Contents/Home
PATH=/Library/Frameworks/Python.framework/Versions/3.6/bin:/Library/Java/JavaVirtualMachines/jdk-9.0.1.jdk/Contents/Home/bin:/Library/Frameworks/Python.framework/Versions/2.7/bin:/Library/Frameworks/Python.framework/Versions/3.5/bin:/opt/local/bin:/opt/local/sbin:/usr/local/apache-maven/apache-maven-3.2.5/bin:/usr/local/mysql/bin:/usr/local/bin:/usr/bin:/bin:/usr/sbin:/sbin:/Users/test/Library/Android/sdk/tools:/Users/test/Library/Android/sdk/patform-tools:/opt/X11/bin
SHELL=/bin/bash
DISPLAY=/private/tmp/com.apple.launchd.hvZm11sMQ8/org.macosforge.xquartz:0

Signal Handlers:
SIGSEGV: [libjvm.dylib+0x58ef95], sa_mask[0]=11111111011111110111111111111111, sa_flags=SA_ONSTACK|SA_RESTART|SA_SIGINFO
SIGBUS: [libjvm.dylib+0x58ef95], sa_mask[0]=11111111011111110111111111111111, sa_flags=SA_RESTART|SA_SIGINFO
SIGFPE: [libjvm.dylib+0x46c108], sa_mask[0]=11111111011111110111111111111111, sa_flags=SA_RESTART|SA_SIGINFO
SIGPIPE: [libjvm.dylib+0x46c108], sa_mask[0]=11111111011111110111111111111111, sa_flags=SA_RESTART|SA_SIGINFO
SIGXFSZ: [libjvm.dylib+0x46c108], sa_mask[0]=11111111011111110111111111111111, sa_flags=SA_RESTART|SA_SIGINFO
SIGILL: [libjvm.dylib+0x46c108], sa_mask[0]=11111111011111110111111111111111, sa_flags=SA_RESTART|SA_SIGINFO
SIGUSR1: SIG_DFL, sa_mask[0]=00000000000000000000000000000000, sa_flags=none
SIGUSR2: [libjvm.dylib+0x46bc26], sa_mask[0]=00100000000000000000000000000000, sa_flags=SA_RESTART|SA_SIGINFO
SIGHUP: [libjvm.dylib+0x46a1f9], sa_mask[0]=11111111011111110111111111111111, sa_flags=SA_RESTART|SA_SIGINFO
SIGINT: [libjvm.dylib+0x46a1f9], sa_mask[0]=11111111011111110111111111111111, sa_flags=SA_RESTART|SA_SIGINFO
SIGTERM: [libjvm.dylib+0x46a1f9], sa_mask[0]=11111111011111110111111111111111, sa_flags=SA_RESTART|SA_SIGINFO
SIGQUIT: [libjvm.dylib+0x46a1f9], sa_mask[0]=11111111011111110111111111111111, sa_flags=SA_RESTART|SA_SIGINFO


---------------  S Y S T E M  ---------------

OS:Bsduname:Darwin 17.7.0 Darwin Kernel Version 17.7.0: Thu Jun 21 22:53:14 PDT 2018; root:xnu-4570.71.2~1/RELEASE_X86_64 x86_64
rlimit: STACK 8192k, CORE 0k, NPROC 709, NOFILE 10240, AS infinity
load average:2.67 2.55 2.36

CPU:total 4 (2 cores per cpu, 2 threads per core) family 6 model 69 stepping 1, cmov, cx8, fxsr, mmx, sse, sse2, sse3, ssse3, sse4.1, sse4.2, popcnt, avx, avx2, aes, clmul, erms, lzcnt, ht, tsc, tscinvbit, bmi1, bmi2

Memory: 4k page, physical 8388608k(226632k free)

/proc/meminfo:


vm_info: Java HotSpot(TM) 64-Bit Server VM (25.45-b02) for bsd-amd64 JRE (1.8.0_45-b14), built on Apr 10 2015 10:46:38 by "java_re" with gcc 4.2.1 (Based on Apple Inc. build 5658) (LLVM build 2336.11.00)

time: Sun Oct 28 16:52:52 2018
elapsed time: 1 seconds (0d 0h 0m 1s)

